<?xml version="1.0" encoding="UTF-8"?>
<!-- Generated by org.testng.reporters.JUnitReportReporter -->
<testsuite hostname="DESKTOP-D4CD5RJ" failures="0" tests="1" name="testCase.continueShoping" time="3.487" errors="0" timestamp="2022-12-01T20:56:18 CET" skipped="0">
  <testcase classname="testCase.continueShoping" name="cardTest" time="3.487"/>
  <system-out>
    <![CDATA[The website used was DemoQA for this test]]>
  </system-out>
</testsuite> <!-- testCase.continueShoping -->
