<?xml version="1.0" encoding="UTF-8"?>
<!-- Generated by org.testng.reporters.JUnitReportReporter -->
<testsuite hostname="DESKTOP-D4CD5RJ" failures="0" tests="1" name="testCase.Test002" time="2.638" errors="0" timestamp="2022-12-03T21:38:57 CET" skipped="0">
  <testcase classname="testCase.Test002" name="cardTest" time="2.638"/>
  <system-out>
    <![CDATA[AddItemToCard]]>
  </system-out>
</testsuite> <!-- testCase.Test002 -->
