<?xml version="1.0" encoding="UTF-8"?>
<!-- Generated by org.testng.reporters.JUnitReportReporter -->
<testsuite hostname="DESKTOP-D4CD5RJ" failures="0" tests="1" name="testCase.LogOut" time="3.498" errors="0" timestamp="2022-12-03T21:39:53 CET" skipped="0">
  <testcase classname="testCase.LogOut" name="LogoutTest" time="3.498"/>
  <system-out>
    <![CDATA[LogOut]]>
  </system-out>
</testsuite> <!-- testCase.LogOut -->
