<?xml version="1.0" encoding="UTF-8"?>
<!-- Generated by org.testng.reporters.JUnitReportReporter -->
<testsuite hostname="DESKTOP-D4CD5RJ" failures="0" tests="1" name="testCase.Test001" time="2.876" errors="0" timestamp="2022-12-03T21:38:04 CET" skipped="0">
  <testcase classname="testCase.Test001" name="LoginTest" time="2.876"/>
  <system-out>
    <![CDATA[LogIn]]>
  </system-out>
</testsuite> <!-- testCase.Test001 -->
